c:\users\hussj\downloads\portaudio-master\portaudio-master\msvc\x64\release\vc143.pdb
c:\users\hussj\downloads\portaudio-master\portaudio-master\msvc\x64\release\pa_win_version.obj
c:\users\hussj\downloads\portaudio-master\portaudio-master\msvc\x64\release\pa_win_util.obj
c:\users\hussj\downloads\portaudio-master\portaudio-master\msvc\x64\release\pa_win_hostapis.obj
c:\users\hussj\downloads\portaudio-master\portaudio-master\msvc\x64\release\pa_win_coinitialize.obj
c:\users\hussj\downloads\portaudio-master\portaudio-master\msvc\x64\release\pa_win_wmme.obj
c:\users\hussj\downloads\portaudio-master\portaudio-master\msvc\x64\release\pa_win_wdmks.obj
c:\users\hussj\downloads\portaudio-master\portaudio-master\msvc\x64\release\pa_win_wasapi.obj
c:\users\hussj\downloads\portaudio-master\portaudio-master\msvc\x64\release\pa_hostapi_skeleton.obj
c:\users\hussj\downloads\portaudio-master\portaudio-master\msvc\x64\release\pa_win_ds_dynlink.obj
c:\users\hussj\downloads\portaudio-master\portaudio-master\msvc\x64\release\pa_win_ds.obj
c:\users\hussj\downloads\portaudio-master\portaudio-master\msvc\x64\release\pa_trace.obj
c:\users\hussj\downloads\portaudio-master\portaudio-master\msvc\x64\release\pa_stream.obj
c:\users\hussj\downloads\portaudio-master\portaudio-master\msvc\x64\release\pa_ringbuffer.obj
c:\users\hussj\downloads\portaudio-master\portaudio-master\msvc\x64\release\pa_process.obj
c:\users\hussj\downloads\portaudio-master\portaudio-master\msvc\x64\release\pa_front.obj
c:\users\hussj\downloads\portaudio-master\portaudio-master\msvc\x64\release\pa_dither.obj
c:\users\hussj\downloads\portaudio-master\portaudio-master\msvc\x64\release\pa_debugprint.obj
c:\users\hussj\downloads\portaudio-master\portaudio-master\msvc\x64\release\pa_cpuload.obj
c:\users\hussj\downloads\portaudio-master\portaudio-master\msvc\x64\release\pa_converters.obj
c:\users\hussj\downloads\portaudio-master\portaudio-master\msvc\x64\release\pa_allocation.obj
c:\users\hussj\downloads\portaudio-master\portaudio-master\msvc\x64\release\pa_x86_plain_converters.obj
c:\users\hussj\downloads\portaudio-master\portaudio-master\msvc\x64\release\pa_win_wdmks_utils.obj
c:\users\hussj\downloads\portaudio-master\portaudio-master\msvc\x64\release\pa_win_waveformat.obj
c:\users\hussj\downloads\portaudio-master\portaudio-master\msvc\x64\release\pa_asio.obj
c:\users\hussj\downloads\portaudio-master\portaudio-master\msvc\x64\release\asiolist.obj
c:\users\hussj\downloads\portaudio-master\portaudio-master\msvc\x64\release\asiodrivers.obj
c:\users\hussj\downloads\portaudio-master\portaudio-master\msvc\x64\release\asio.obj
c:\users\hussj\downloads\portaudio-master\portaudio-master\msvc\x64\release\portaudio_x64.dll
c:\users\hussj\downloads\portaudio-master\portaudio-master\msvc\x64\release\portaudio_x64.pdb
c:\users\hussj\downloads\portaudio-master\portaudio-master\msvc\x64\release\portaudio_x64.lib
c:\users\hussj\downloads\portaudio-master\portaudio-master\msvc\x64\release\portaudio_x64.exp
c:\users\hussj\downloads\portaudio-master\portaudio-master\msvc\x64\release\portaudio.tlog\cl.command.1.tlog
c:\users\hussj\downloads\portaudio-master\portaudio-master\msvc\x64\release\portaudio.tlog\cl.items.tlog
c:\users\hussj\downloads\portaudio-master\portaudio-master\msvc\x64\release\portaudio.tlog\cl.read.1.tlog
c:\users\hussj\downloads\portaudio-master\portaudio-master\msvc\x64\release\portaudio.tlog\cl.write.1.tlog
c:\users\hussj\downloads\portaudio-master\portaudio-master\msvc\x64\release\portaudio.tlog\link.command.1.tlog
c:\users\hussj\downloads\portaudio-master\portaudio-master\msvc\x64\release\portaudio.tlog\link.read.1.tlog
c:\users\hussj\downloads\portaudio-master\portaudio-master\msvc\x64\release\portaudio.tlog\link.secondary.1.tlog
c:\users\hussj\downloads\portaudio-master\portaudio-master\msvc\x64\release\portaudio.tlog\link.write.1.tlog
