d:\uniwork\year 04\cmp400-honours\newmaginengineaudio\maginengine audio\x64\debug\vc143.pdb
d:\uniwork\year 04\cmp400-honours\newmaginengineaudio\maginengine audio\x64\debug\vc143.idb
d:\uniwork\year 04\cmp400-honours\newmaginengineaudio\maginengine audio\x64\debug\virtualvoicepool.obj
d:\uniwork\year 04\cmp400-honours\newmaginengineaudio\maginengine audio\x64\debug\virtualvoice.obj
d:\uniwork\year 04\cmp400-honours\newmaginengineaudio\maginengine audio\x64\debug\realvoicepool.obj
d:\uniwork\year 04\cmp400-honours\newmaginengineaudio\maginengine audio\x64\debug\realvoice.obj
d:\uniwork\year 04\cmp400-honours\newmaginengineaudio\maginengine audio\x64\debug\playbackdevice.obj
d:\uniwork\year 04\cmp400-honours\newmaginengineaudio\maginengine audio\x64\debug\maginengine audio.obj
d:\uniwork\year 04\cmp400-honours\newmaginengineaudio\maginengine audio\x64\debug\leaf.obj
d:\uniwork\year 04\cmp400-honours\newmaginengineaudio\maginengine audio\x64\debug\eventmanager.obj
d:\uniwork\year 04\cmp400-honours\newmaginengineaudio\maginengine audio\x64\debug\engine.obj
d:\uniwork\year 04\cmp400-honours\newmaginengineaudio\maginengine audio\x64\debug\composite.obj
d:\uniwork\year 04\cmp400-honours\newmaginengineaudio\maginengine audio\x64\debug\asset.obj
d:\uniwork\year 04\cmp400-honours\newmaginengineaudio\maginengine audio\x64\debug\maginengine audio.exe
d:\uniwork\year 04\cmp400-honours\newmaginengineaudio\maginengine audio\x64\debug\maginengine audio.ilk
d:\uniwork\year 04\cmp400-honours\newmaginengineaudio\maginengine audio\x64\debug\maginengine audio.pdb
d:\uniwork\year 04\cmp400-honours\newmaginengineaudio\maginengine audio\x64\debug\magineng.0dbf4fdb.tlog\cl.command.1.tlog
d:\uniwork\year 04\cmp400-honours\newmaginengineaudio\maginengine audio\x64\debug\magineng.0dbf4fdb.tlog\cl.items.tlog
d:\uniwork\year 04\cmp400-honours\newmaginengineaudio\maginengine audio\x64\debug\magineng.0dbf4fdb.tlog\cl.read.1.tlog
d:\uniwork\year 04\cmp400-honours\newmaginengineaudio\maginengine audio\x64\debug\magineng.0dbf4fdb.tlog\cl.write.1.tlog
d:\uniwork\year 04\cmp400-honours\newmaginengineaudio\maginengine audio\x64\debug\magineng.0dbf4fdb.tlog\link.command.1.tlog
d:\uniwork\year 04\cmp400-honours\newmaginengineaudio\maginengine audio\x64\debug\magineng.0dbf4fdb.tlog\link.read.1.tlog
d:\uniwork\year 04\cmp400-honours\newmaginengineaudio\maginengine audio\x64\debug\magineng.0dbf4fdb.tlog\link.write.1.tlog
