d:\de daduck (jan)\work\audio programming\maginengineaudio\portaudio-master\portaudio-master\msvc\x64\debug\vc143.pdb
d:\de daduck (jan)\work\audio programming\maginengineaudio\portaudio-master\portaudio-master\msvc\x64\debug\vc143.idb
d:\de daduck (jan)\work\audio programming\maginengineaudio\portaudio-master\portaudio-master\msvc\x64\debug\pa_debugprint.obj
d:\de daduck (jan)\work\audio programming\maginengineaudio\portaudio-master\portaudio-master\msvc\x64\debug\pa_dither.obj
d:\de daduck (jan)\work\audio programming\maginengineaudio\portaudio-master\portaudio-master\msvc\x64\debug\pa_front.obj
d:\de daduck (jan)\work\audio programming\maginengineaudio\portaudio-master\portaudio-master\msvc\x64\debug\pa_process.obj
d:\de daduck (jan)\work\audio programming\maginengineaudio\portaudio-master\portaudio-master\msvc\x64\debug\pa_ringbuffer.obj
d:\de daduck (jan)\work\audio programming\maginengineaudio\portaudio-master\portaudio-master\msvc\x64\debug\pa_stream.obj
d:\de daduck (jan)\work\audio programming\maginengineaudio\portaudio-master\portaudio-master\msvc\x64\debug\pa_trace.obj
d:\de daduck (jan)\work\audio programming\maginengineaudio\portaudio-master\portaudio-master\msvc\x64\debug\pa_win_ds.obj
d:\de daduck (jan)\work\audio programming\maginengineaudio\portaudio-master\portaudio-master\msvc\x64\debug\pa_win_ds_dynlink.obj
d:\de daduck (jan)\work\audio programming\maginengineaudio\portaudio-master\portaudio-master\msvc\x64\debug\pa_hostapi_skeleton.obj
d:\de daduck (jan)\work\audio programming\maginengineaudio\portaudio-master\portaudio-master\msvc\x64\debug\pa_win_wasapi.obj
d:\de daduck (jan)\work\audio programming\maginengineaudio\portaudio-master\portaudio-master\msvc\x64\debug\pa_win_wdmks.obj
d:\de daduck (jan)\work\audio programming\maginengineaudio\portaudio-master\portaudio-master\msvc\x64\debug\pa_win_wmme.obj
d:\de daduck (jan)\work\audio programming\maginengineaudio\portaudio-master\portaudio-master\msvc\x64\debug\pa_win_coinitialize.obj
d:\de daduck (jan)\work\audio programming\maginengineaudio\portaudio-master\portaudio-master\msvc\x64\debug\pa_win_hostapis.obj
d:\de daduck (jan)\work\audio programming\maginengineaudio\portaudio-master\portaudio-master\msvc\x64\debug\pa_win_util.obj
d:\de daduck (jan)\work\audio programming\maginengineaudio\portaudio-master\portaudio-master\msvc\x64\debug\pa_win_version.obj
d:\de daduck (jan)\work\audio programming\maginengineaudio\portaudio-master\portaudio-master\msvc\x64\debug\pa_win_waveformat.obj
d:\de daduck (jan)\work\audio programming\maginengineaudio\portaudio-master\portaudio-master\msvc\x64\debug\pa_win_wdmks_utils.obj
d:\de daduck (jan)\work\audio programming\maginengineaudio\portaudio-master\portaudio-master\msvc\x64\debug\pa_x86_plain_converters.obj
d:\de daduck (jan)\work\audio programming\maginengineaudio\portaudio-master\portaudio-master\msvc\x64\debug\pa_allocation.obj
d:\de daduck (jan)\work\audio programming\maginengineaudio\portaudio-master\portaudio-master\msvc\x64\debug\pa_converters.obj
d:\de daduck (jan)\work\audio programming\maginengineaudio\portaudio-master\portaudio-master\msvc\x64\debug\pa_cpuload.obj
d:\de daduck (jan)\work\audio programming\maginengineaudio\portaudio-master\portaudio-master\msvc\x64\debug\asio.obj
d:\de daduck (jan)\work\audio programming\maginengineaudio\portaudio-master\portaudio-master\msvc\x64\debug\asiodrivers.obj
d:\de daduck (jan)\work\audio programming\maginengineaudio\portaudio-master\portaudio-master\msvc\x64\debug\asiolist.obj
d:\de daduck (jan)\work\audio programming\maginengineaudio\portaudio-master\portaudio-master\msvc\x64\debug\pa_asio.obj
d:\de daduck (jan)\work\audio programming\maginengineaudio\portaudio-master\portaudio-master\msvc\x64\debug\portaudio_x64.dll
d:\de daduck (jan)\work\audio programming\maginengineaudio\portaudio-master\portaudio-master\msvc\x64\debug\portaudio_x64.pdb
d:\de daduck (jan)\work\audio programming\maginengineaudio\portaudio-master\portaudio-master\msvc\x64\debug\portaudio_x64.lib
d:\de daduck (jan)\work\audio programming\maginengineaudio\portaudio-master\portaudio-master\msvc\x64\debug\portaudio_x64.exp
d:\de daduck (jan)\work\audio programming\maginengineaudio\portaudio-master\portaudio-master\msvc\x64\debug\portaudio.ilk
d:\de daduck (jan)\work\audio programming\maginengineaudio\portaudio-master\portaudio-master\msvc\x64\debug\portaudio.tlog\cl.command.1.tlog
d:\de daduck (jan)\work\audio programming\maginengineaudio\portaudio-master\portaudio-master\msvc\x64\debug\portaudio.tlog\cl.items.tlog
d:\de daduck (jan)\work\audio programming\maginengineaudio\portaudio-master\portaudio-master\msvc\x64\debug\portaudio.tlog\cl.read.1.tlog
d:\de daduck (jan)\work\audio programming\maginengineaudio\portaudio-master\portaudio-master\msvc\x64\debug\portaudio.tlog\cl.write.1.tlog
d:\de daduck (jan)\work\audio programming\maginengineaudio\portaudio-master\portaudio-master\msvc\x64\debug\portaudio.tlog\link.command.1.tlog
d:\de daduck (jan)\work\audio programming\maginengineaudio\portaudio-master\portaudio-master\msvc\x64\debug\portaudio.tlog\link.read.1.tlog
d:\de daduck (jan)\work\audio programming\maginengineaudio\portaudio-master\portaudio-master\msvc\x64\debug\portaudio.tlog\link.secondary.1.tlog
d:\de daduck (jan)\work\audio programming\maginengineaudio\portaudio-master\portaudio-master\msvc\x64\debug\portaudio.tlog\link.write.1.tlog
