C:\Program Files\Microsoft Visual Studio\2022\Community\MSBuild\Microsoft\VC\v170\Microsoft.CppClean.targets(77,5): warning : The process cannot access the file 'd:\de daduck (jan)\work\audio programming\maginengineaudio\audioengine\x64\debug\audioengine.exe' because it is being used by another process.
  AudioThread.cpp
  EngineBase.cpp
D:\De Daduck (Jan)\Work\Audio Programming\MaginEngineAudio\AudioEngine\AudioEngine\EngineBase.cpp(42,51): warning C4267: 'argument': conversion from 'size_t' to 'int', possible loss of data
D:\De Daduck (Jan)\Work\Audio Programming\MaginEngineAudio\AudioEngine\AudioEngine\EngineBase.cpp(47,27): warning C4244: 'argument': conversion from 'int' to 'float', possible loss of data
  EventBase.cpp
  imgui.cpp
  imgui_demo.cpp
  imgui_draw.cpp
  imgui_impl_glfw.cpp
  imgui_impl_opengl3.cpp
  imgui_tables.cpp
  imgui_widgets.cpp
  main.cpp
D:\De Daduck (Jan)\Work\Audio Programming\MaginEngineAudio\AudioEngine\AudioEngine\main.cpp(56,61): warning C4244: 'argument': conversion from 'double' to 'float', possible loss of data
D:\De Daduck (Jan)\Work\Audio Programming\MaginEngineAudio\AudioEngine\AudioEngine\main.cpp(57,62): warning C4244: 'argument': conversion from 'double' to 'float', possible loss of data
  Generating Code...
  glad.c
LINK : warning LNK4098: defaultlib 'MSVCRT' conflicts with use of other libs; use /NODEFAULTLIB:library
  AudioEngine.vcxproj -> D:\De Daduck (Jan)\Work\Audio Programming\MaginEngineAudio\AudioEngine\x64\Debug\AudioEngine.exe
