d:\de daduck (jan)\work\audio programming\maginengineaudio\audioengine\audioengine\x64\debug\vc143.pdb
d:\de daduck (jan)\work\audio programming\maginengineaudio\audioengine\audioengine\x64\debug\vc143.idb
d:\de daduck (jan)\work\audio programming\maginengineaudio\audioengine\audioengine\x64\debug\glad.obj
d:\de daduck (jan)\work\audio programming\maginengineaudio\audioengine\audioengine\x64\debug\main.obj
d:\de daduck (jan)\work\audio programming\maginengineaudio\audioengine\audioengine\x64\debug\imgui_widgets.obj
d:\de daduck (jan)\work\audio programming\maginengineaudio\audioengine\audioengine\x64\debug\imgui_tables.obj
d:\de daduck (jan)\work\audio programming\maginengineaudio\audioengine\audioengine\x64\debug\imgui_impl_opengl3.obj
d:\de daduck (jan)\work\audio programming\maginengineaudio\audioengine\audioengine\x64\debug\imgui_impl_glfw.obj
d:\de daduck (jan)\work\audio programming\maginengineaudio\audioengine\audioengine\x64\debug\imgui_draw.obj
d:\de daduck (jan)\work\audio programming\maginengineaudio\audioengine\audioengine\x64\debug\imgui_demo.obj
d:\de daduck (jan)\work\audio programming\maginengineaudio\audioengine\audioengine\x64\debug\imgui.obj
d:\de daduck (jan)\work\audio programming\maginengineaudio\audioengine\audioengine\x64\debug\eventbase.obj
d:\de daduck (jan)\work\audio programming\maginengineaudio\audioengine\audioengine\x64\debug\enginebase.obj
d:\de daduck (jan)\work\audio programming\maginengineaudio\audioengine\audioengine\x64\debug\audiothread.obj
d:\de daduck (jan)\work\audio programming\maginengineaudio\audioengine\x64\debug\audioengine.exe
d:\de daduck (jan)\work\audio programming\maginengineaudio\audioengine\x64\debug\audioengine.pdb
d:\de daduck (jan)\work\audio programming\maginengineaudio\audioengine\audioengine\x64\debug\audioengine.ilk
d:\de daduck (jan)\work\audio programming\maginengineaudio\audioengine\audioengine\x64\debug\audioengine.tlog\cl.command.1.tlog
d:\de daduck (jan)\work\audio programming\maginengineaudio\audioengine\audioengine\x64\debug\audioengine.tlog\cl.items.tlog
d:\de daduck (jan)\work\audio programming\maginengineaudio\audioengine\audioengine\x64\debug\audioengine.tlog\cl.read.1.tlog
d:\de daduck (jan)\work\audio programming\maginengineaudio\audioengine\audioengine\x64\debug\audioengine.tlog\cl.write.1.tlog
d:\de daduck (jan)\work\audio programming\maginengineaudio\audioengine\audioengine\x64\debug\audioengine.tlog\link.command.1.tlog
d:\de daduck (jan)\work\audio programming\maginengineaudio\audioengine\audioengine\x64\debug\audioengine.tlog\link.read.1.tlog
d:\de daduck (jan)\work\audio programming\maginengineaudio\audioengine\audioengine\x64\debug\audioengine.tlog\link.secondary.1.tlog
d:\de daduck (jan)\work\audio programming\maginengineaudio\audioengine\audioengine\x64\debug\audioengine.tlog\link.write.1.tlog
